2023-03-28 17:05:34 DEBUG cache:45 - Couldn't find template in cache for "Extent.ftl"("en_IN", UTF-8, parsed); will try to load it.
2023-03-28 17:05:34 DEBUG cache:45 - TemplateLoader.findTemplateSource("Extent_en_IN.ftl"): Not found
2023-03-28 17:05:34 DEBUG cache:45 - TemplateLoader.findTemplateSource("Extent_en.ftl"): Not found
2023-03-28 17:05:34 DEBUG cache:45 - TemplateLoader.findTemplateSource("Extent.ftl"): Found
2023-03-28 17:05:34 DEBUG cache:45 - Loading template for "Extent.ftl"("en_IN", UTF-8, parsed) from "jar:file:/C:/Users/Nibras%20Ali/.m2/repository/com/relevantcodes/extentreports/2.41.2/extentreports-2.41.2.jar!/com/relevantcodes/extentreports/view/Extent.ftl"
2023-03-28 17:08:56 DEBUG cache:45 - Couldn't find template in cache for "Extent.ftl"("en_IN", UTF-8, parsed); will try to load it.
2023-03-28 17:08:56 DEBUG cache:45 - TemplateLoader.findTemplateSource("Extent_en_IN.ftl"): Not found
2023-03-28 17:08:56 DEBUG cache:45 - TemplateLoader.findTemplateSource("Extent_en.ftl"): Not found
2023-03-28 17:08:56 DEBUG cache:45 - TemplateLoader.findTemplateSource("Extent.ftl"): Found
2023-03-28 17:08:56 DEBUG cache:45 - Loading template for "Extent.ftl"("en_IN", UTF-8, parsed) from "jar:file:/C:/Users/Nibras%20Ali/.m2/repository/com/relevantcodes/extentreports/2.41.2/extentreports-2.41.2.jar!/com/relevantcodes/extentreports/view/Extent.ftl"
2023-03-28 17:21:09 DEBUG cache:45 - Couldn't find template in cache for "Extent.ftl"("en_IN", UTF-8, parsed); will try to load it.
2023-03-28 17:21:09 DEBUG cache:45 - TemplateLoader.findTemplateSource("Extent_en_IN.ftl"): Not found
2023-03-28 17:21:09 DEBUG cache:45 - TemplateLoader.findTemplateSource("Extent_en.ftl"): Not found
2023-03-28 17:21:09 DEBUG cache:45 - TemplateLoader.findTemplateSource("Extent.ftl"): Found
2023-03-28 17:21:09 DEBUG cache:45 - Loading template for "Extent.ftl"("en_IN", UTF-8, parsed) from "jar:file:/C:/Users/Nibras%20Ali/.m2/repository/com/relevantcodes/extentreports/2.41.2/extentreports-2.41.2.jar!/com/relevantcodes/extentreports/view/Extent.ftl"
2023-03-28 17:21:10 DEBUG cache:45 - Couldn't find template in cache for "Extent.ftl"("en_IN", UTF-8, parsed); will try to load it.
2023-03-28 17:21:10 DEBUG cache:45 - TemplateLoader.findTemplateSource("Extent_en_IN.ftl"): Not found
2023-03-28 17:21:10 DEBUG cache:45 - TemplateLoader.findTemplateSource("Extent_en.ftl"): Not found
2023-03-28 17:21:10 DEBUG cache:45 - TemplateLoader.findTemplateSource("Extent.ftl"): Found
2023-03-28 17:21:10 DEBUG cache:45 - Loading template for "Extent.ftl"("en_IN", UTF-8, parsed) from "jar:file:/C:/Users/Nibras%20Ali/.m2/repository/com/relevantcodes/extentreports/2.41.2/extentreports-2.41.2.jar!/com/relevantcodes/extentreports/view/Extent.ftl"
2023-03-28 17:25:17 DEBUG cache:45 - Couldn't find template in cache for "Extent.ftl"("en_IN", UTF-8, parsed); will try to load it.
2023-03-28 17:25:17 DEBUG cache:45 - TemplateLoader.findTemplateSource("Extent_en_IN.ftl"): Not found
2023-03-28 17:25:17 DEBUG cache:45 - TemplateLoader.findTemplateSource("Extent_en.ftl"): Not found
2023-03-28 17:25:17 DEBUG cache:45 - TemplateLoader.findTemplateSource("Extent.ftl"): Found
2023-03-28 17:25:17 DEBUG cache:45 - Loading template for "Extent.ftl"("en_IN", UTF-8, parsed) from "jar:file:/C:/Users/Nibras%20Ali/.m2/repository/com/relevantcodes/extentreports/2.41.2/extentreports-2.41.2.jar!/com/relevantcodes/extentreports/view/Extent.ftl"
2023-03-28 17:25:17 DEBUG cache:45 - Couldn't find template in cache for "Extent.ftl"("en_IN", UTF-8, parsed); will try to load it.
2023-03-28 17:25:17 DEBUG cache:45 - TemplateLoader.findTemplateSource("Extent_en_IN.ftl"): Not found
2023-03-28 17:25:17 DEBUG cache:45 - TemplateLoader.findTemplateSource("Extent_en.ftl"): Not found
2023-03-28 17:25:17 DEBUG cache:45 - TemplateLoader.findTemplateSource("Extent.ftl"): Found
2023-03-28 17:25:17 DEBUG cache:45 - Loading template for "Extent.ftl"("en_IN", UTF-8, parsed) from "jar:file:/C:/Users/Nibras%20Ali/.m2/repository/com/relevantcodes/extentreports/2.41.2/extentreports-2.41.2.jar!/com/relevantcodes/extentreports/view/Extent.ftl"
2023-03-28 17:28:42 DEBUG cache:45 - Couldn't find template in cache for "Extent.ftl"("en_IN", UTF-8, parsed); will try to load it.
2023-03-28 17:28:42 DEBUG cache:45 - TemplateLoader.findTemplateSource("Extent_en_IN.ftl"): Not found
2023-03-28 17:28:42 DEBUG cache:45 - TemplateLoader.findTemplateSource("Extent_en.ftl"): Not found
2023-03-28 17:28:42 DEBUG cache:45 - TemplateLoader.findTemplateSource("Extent.ftl"): Found
2023-03-28 17:28:42 DEBUG cache:45 - Loading template for "Extent.ftl"("en_IN", UTF-8, parsed) from "jar:file:/C:/Users/Nibras%20Ali/.m2/repository/com/relevantcodes/extentreports/2.41.2/extentreports-2.41.2.jar!/com/relevantcodes/extentreports/view/Extent.ftl"
2023-03-28 17:28:43 DEBUG cache:45 - Couldn't find template in cache for "Extent.ftl"("en_IN", UTF-8, parsed); will try to load it.
2023-03-28 17:28:43 DEBUG cache:45 - TemplateLoader.findTemplateSource("Extent_en_IN.ftl"): Not found
2023-03-28 17:28:43 DEBUG cache:45 - TemplateLoader.findTemplateSource("Extent_en.ftl"): Not found
2023-03-28 17:28:43 DEBUG cache:45 - TemplateLoader.findTemplateSource("Extent.ftl"): Found
2023-03-28 17:28:43 DEBUG cache:45 - Loading template for "Extent.ftl"("en_IN", UTF-8, parsed) from "jar:file:/C:/Users/Nibras%20Ali/.m2/repository/com/relevantcodes/extentreports/2.41.2/extentreports-2.41.2.jar!/com/relevantcodes/extentreports/view/Extent.ftl"
2023-03-28 17:32:30 DEBUG cache:45 - Couldn't find template in cache for "Extent.ftl"("en_IN", UTF-8, parsed); will try to load it.
2023-03-28 17:32:30 DEBUG cache:45 - TemplateLoader.findTemplateSource("Extent_en_IN.ftl"): Not found
2023-03-28 17:32:30 DEBUG cache:45 - TemplateLoader.findTemplateSource("Extent_en.ftl"): Not found
2023-03-28 17:32:31 DEBUG cache:45 - TemplateLoader.findTemplateSource("Extent.ftl"): Found
2023-03-28 17:32:31 DEBUG cache:45 - Loading template for "Extent.ftl"("en_IN", UTF-8, parsed) from "jar:file:/C:/Users/Nibras%20Ali/.m2/repository/com/relevantcodes/extentreports/2.41.2/extentreports-2.41.2.jar!/com/relevantcodes/extentreports/view/Extent.ftl"
2023-03-28 17:33:07 DEBUG cache:45 - Couldn't find template in cache for "Extent.ftl"("en_IN", UTF-8, parsed); will try to load it.
2023-03-28 17:33:07 DEBUG cache:45 - TemplateLoader.findTemplateSource("Extent_en_IN.ftl"): Not found
2023-03-28 17:33:07 DEBUG cache:45 - TemplateLoader.findTemplateSource("Extent_en.ftl"): Not found
2023-03-28 17:33:07 DEBUG cache:45 - TemplateLoader.findTemplateSource("Extent.ftl"): Found
2023-03-28 17:33:07 DEBUG cache:45 - Loading template for "Extent.ftl"("en_IN", UTF-8, parsed) from "jar:file:/C:/Users/Nibras%20Ali/.m2/repository/com/relevantcodes/extentreports/2.41.2/extentreports-2.41.2.jar!/com/relevantcodes/extentreports/view/Extent.ftl"
2023-03-28 17:36:05 DEBUG cache:45 - Couldn't find template in cache for "Extent.ftl"("en_IN", UTF-8, parsed); will try to load it.
2023-03-28 17:36:05 DEBUG cache:45 - TemplateLoader.findTemplateSource("Extent_en_IN.ftl"): Not found
2023-03-28 17:36:05 DEBUG cache:45 - TemplateLoader.findTemplateSource("Extent_en.ftl"): Not found
2023-03-28 17:36:05 DEBUG cache:45 - TemplateLoader.findTemplateSource("Extent.ftl"): Found
2023-03-28 17:36:05 DEBUG cache:45 - Loading template for "Extent.ftl"("en_IN", UTF-8, parsed) from "jar:file:/C:/Users/Nibras%20Ali/.m2/repository/com/relevantcodes/extentreports/2.41.2/extentreports-2.41.2.jar!/com/relevantcodes/extentreports/view/Extent.ftl"
2023-03-28 17:36:05 DEBUG cache:45 - Couldn't find template in cache for "Extent.ftl"("en_IN", UTF-8, parsed); will try to load it.
2023-03-28 17:36:05 DEBUG cache:45 - TemplateLoader.findTemplateSource("Extent_en_IN.ftl"): Not found
2023-03-28 17:36:05 DEBUG cache:45 - TemplateLoader.findTemplateSource("Extent_en.ftl"): Not found
2023-03-28 17:36:05 DEBUG cache:45 - TemplateLoader.findTemplateSource("Extent.ftl"): Found
2023-03-28 17:36:05 DEBUG cache:45 - Loading template for "Extent.ftl"("en_IN", UTF-8, parsed) from "jar:file:/C:/Users/Nibras%20Ali/.m2/repository/com/relevantcodes/extentreports/2.41.2/extentreports-2.41.2.jar!/com/relevantcodes/extentreports/view/Extent.ftl"
2023-03-28 17:37:45 DEBUG cache:45 - Couldn't find template in cache for "Extent.ftl"("en_IN", UTF-8, parsed); will try to load it.
2023-03-28 17:37:45 DEBUG cache:45 - TemplateLoader.findTemplateSource("Extent_en_IN.ftl"): Not found
2023-03-28 17:37:45 DEBUG cache:45 - TemplateLoader.findTemplateSource("Extent_en.ftl"): Not found
2023-03-28 17:37:45 DEBUG cache:45 - TemplateLoader.findTemplateSource("Extent.ftl"): Found
2023-03-28 17:37:45 DEBUG cache:45 - Loading template for "Extent.ftl"("en_IN", UTF-8, parsed) from "jar:file:/C:/Users/Nibras%20Ali/.m2/repository/com/relevantcodes/extentreports/2.41.2/extentreports-2.41.2.jar!/com/relevantcodes/extentreports/view/Extent.ftl"
2023-03-28 17:37:45 DEBUG cache:45 - Couldn't find template in cache for "Extent.ftl"("en_IN", UTF-8, parsed); will try to load it.
2023-03-28 17:37:45 DEBUG cache:45 - TemplateLoader.findTemplateSource("Extent_en_IN.ftl"): Not found
2023-03-28 17:37:45 DEBUG cache:45 - TemplateLoader.findTemplateSource("Extent_en.ftl"): Not found
2023-03-28 17:37:45 DEBUG cache:45 - TemplateLoader.findTemplateSource("Extent.ftl"): Found
2023-03-28 17:37:45 DEBUG cache:45 - Loading template for "Extent.ftl"("en_IN", UTF-8, parsed) from "jar:file:/C:/Users/Nibras%20Ali/.m2/repository/com/relevantcodes/extentreports/2.41.2/extentreports-2.41.2.jar!/com/relevantcodes/extentreports/view/Extent.ftl"
2023-03-28 17:39:28 DEBUG cache:45 - Couldn't find template in cache for "Extent.ftl"("en_IN", UTF-8, parsed); will try to load it.
2023-03-28 17:39:28 DEBUG cache:45 - TemplateLoader.findTemplateSource("Extent_en_IN.ftl"): Not found
2023-03-28 17:39:28 DEBUG cache:45 - TemplateLoader.findTemplateSource("Extent_en.ftl"): Not found
2023-03-28 17:39:28 DEBUG cache:45 - TemplateLoader.findTemplateSource("Extent.ftl"): Found
2023-03-28 17:39:28 DEBUG cache:45 - Loading template for "Extent.ftl"("en_IN", UTF-8, parsed) from "jar:file:/C:/Users/Nibras%20Ali/.m2/repository/com/relevantcodes/extentreports/2.41.2/extentreports-2.41.2.jar!/com/relevantcodes/extentreports/view/Extent.ftl"
2023-03-28 17:39:29 DEBUG cache:45 - Couldn't find template in cache for "Extent.ftl"("en_IN", UTF-8, parsed); will try to load it.
2023-03-28 17:39:29 DEBUG cache:45 - TemplateLoader.findTemplateSource("Extent_en_IN.ftl"): Not found
2023-03-28 17:39:29 DEBUG cache:45 - TemplateLoader.findTemplateSource("Extent_en.ftl"): Not found
2023-03-28 17:39:29 DEBUG cache:45 - TemplateLoader.findTemplateSource("Extent.ftl"): Found
2023-03-28 17:39:29 DEBUG cache:45 - Loading template for "Extent.ftl"("en_IN", UTF-8, parsed) from "jar:file:/C:/Users/Nibras%20Ali/.m2/repository/com/relevantcodes/extentreports/2.41.2/extentreports-2.41.2.jar!/com/relevantcodes/extentreports/view/Extent.ftl"
2023-03-28 17:57:55 DEBUG cache:45 - Couldn't find template in cache for "Extent.ftl"("en_IN", UTF-8, parsed); will try to load it.
2023-03-28 17:57:55 DEBUG cache:45 - TemplateLoader.findTemplateSource("Extent_en_IN.ftl"): Not found
2023-03-28 17:57:55 DEBUG cache:45 - TemplateLoader.findTemplateSource("Extent_en.ftl"): Not found
2023-03-28 17:57:55 DEBUG cache:45 - TemplateLoader.findTemplateSource("Extent.ftl"): Found
2023-03-28 17:57:55 DEBUG cache:45 - Loading template for "Extent.ftl"("en_IN", UTF-8, parsed) from "jar:file:/C:/Users/Nibras%20Ali/.m2/repository/com/relevantcodes/extentreports/2.41.2/extentreports-2.41.2.jar!/com/relevantcodes/extentreports/view/Extent.ftl"
2023-03-28 17:57:56 DEBUG cache:45 - Couldn't find template in cache for "Extent.ftl"("en_IN", UTF-8, parsed); will try to load it.
2023-03-28 17:57:56 DEBUG cache:45 - TemplateLoader.findTemplateSource("Extent_en_IN.ftl"): Not found
2023-03-28 17:57:56 DEBUG cache:45 - TemplateLoader.findTemplateSource("Extent_en.ftl"): Not found
2023-03-28 17:57:56 DEBUG cache:45 - TemplateLoader.findTemplateSource("Extent.ftl"): Found
2023-03-28 17:57:56 DEBUG cache:45 - Loading template for "Extent.ftl"("en_IN", UTF-8, parsed) from "jar:file:/C:/Users/Nibras%20Ali/.m2/repository/com/relevantcodes/extentreports/2.41.2/extentreports-2.41.2.jar!/com/relevantcodes/extentreports/view/Extent.ftl"
2023-03-28 18:03:13 DEBUG cache:45 - Couldn't find template in cache for "Extent.ftl"("en_IN", UTF-8, parsed); will try to load it.
2023-03-28 18:03:13 DEBUG cache:45 - TemplateLoader.findTemplateSource("Extent_en_IN.ftl"): Not found
2023-03-28 18:03:13 DEBUG cache:45 - TemplateLoader.findTemplateSource("Extent_en.ftl"): Not found
2023-03-28 18:03:13 DEBUG cache:45 - TemplateLoader.findTemplateSource("Extent.ftl"): Found
2023-03-28 18:03:13 DEBUG cache:45 - Loading template for "Extent.ftl"("en_IN", UTF-8, parsed) from "jar:file:/C:/Users/Nibras%20Ali/.m2/repository/com/relevantcodes/extentreports/2.41.2/extentreports-2.41.2.jar!/com/relevantcodes/extentreports/view/Extent.ftl"
2023-03-28 18:03:14 DEBUG cache:45 - Couldn't find template in cache for "Extent.ftl"("en_IN", UTF-8, parsed); will try to load it.
2023-03-28 18:03:14 DEBUG cache:45 - TemplateLoader.findTemplateSource("Extent_en_IN.ftl"): Not found
2023-03-28 18:03:14 DEBUG cache:45 - TemplateLoader.findTemplateSource("Extent_en.ftl"): Not found
2023-03-28 18:03:14 DEBUG cache:45 - TemplateLoader.findTemplateSource("Extent.ftl"): Found
2023-03-28 18:03:14 DEBUG cache:45 - Loading template for "Extent.ftl"("en_IN", UTF-8, parsed) from "jar:file:/C:/Users/Nibras%20Ali/.m2/repository/com/relevantcodes/extentreports/2.41.2/extentreports-2.41.2.jar!/com/relevantcodes/extentreports/view/Extent.ftl"
2023-03-28 18:04:09 DEBUG cache:45 - Couldn't find template in cache for "Extent.ftl"("en_IN", UTF-8, parsed); will try to load it.
2023-03-28 18:04:09 DEBUG cache:45 - TemplateLoader.findTemplateSource("Extent_en_IN.ftl"): Not found
2023-03-28 18:04:09 DEBUG cache:45 - TemplateLoader.findTemplateSource("Extent_en.ftl"): Not found
2023-03-28 18:04:09 DEBUG cache:45 - TemplateLoader.findTemplateSource("Extent.ftl"): Found
2023-03-28 18:04:09 DEBUG cache:45 - Loading template for "Extent.ftl"("en_IN", UTF-8, parsed) from "jar:file:/C:/Users/Nibras%20Ali/.m2/repository/com/relevantcodes/extentreports/2.41.2/extentreports-2.41.2.jar!/com/relevantcodes/extentreports/view/Extent.ftl"
2023-03-28 18:04:09 DEBUG cache:45 - Couldn't find template in cache for "Extent.ftl"("en_IN", UTF-8, parsed); will try to load it.
2023-03-28 18:04:09 DEBUG cache:45 - TemplateLoader.findTemplateSource("Extent_en_IN.ftl"): Not found
2023-03-28 18:04:09 DEBUG cache:45 - TemplateLoader.findTemplateSource("Extent_en.ftl"): Not found
2023-03-28 18:04:09 DEBUG cache:45 - TemplateLoader.findTemplateSource("Extent.ftl"): Found
2023-03-28 18:04:09 DEBUG cache:45 - Loading template for "Extent.ftl"("en_IN", UTF-8, parsed) from "jar:file:/C:/Users/Nibras%20Ali/.m2/repository/com/relevantcodes/extentreports/2.41.2/extentreports-2.41.2.jar!/com/relevantcodes/extentreports/view/Extent.ftl"
2023-03-28 19:23:46 DEBUG cache:45 - Couldn't find template in cache for "Extent.ftl"("en_IN", UTF-8, parsed); will try to load it.
2023-03-28 19:23:47 DEBUG cache:45 - TemplateLoader.findTemplateSource("Extent_en_IN.ftl"): Not found
2023-03-28 19:23:47 DEBUG cache:45 - TemplateLoader.findTemplateSource("Extent_en.ftl"): Not found
2023-03-28 19:23:47 DEBUG cache:45 - TemplateLoader.findTemplateSource("Extent.ftl"): Found
2023-03-28 19:23:47 DEBUG cache:45 - Loading template for "Extent.ftl"("en_IN", UTF-8, parsed) from "jar:file:/C:/Users/Nibras%20Ali/.m2/repository/com/relevantcodes/extentreports/2.41.2/extentreports-2.41.2.jar!/com/relevantcodes/extentreports/view/Extent.ftl"
2023-03-28 19:27:01 DEBUG cache:45 - Couldn't find template in cache for "Extent.ftl"("en_IN", UTF-8, parsed); will try to load it.
2023-03-28 19:27:01 DEBUG cache:45 - TemplateLoader.findTemplateSource("Extent_en_IN.ftl"): Not found
2023-03-28 19:27:01 DEBUG cache:45 - TemplateLoader.findTemplateSource("Extent_en.ftl"): Not found
2023-03-28 19:27:01 DEBUG cache:45 - TemplateLoader.findTemplateSource("Extent.ftl"): Found
2023-03-28 19:27:01 DEBUG cache:45 - Loading template for "Extent.ftl"("en_IN", UTF-8, parsed) from "jar:file:/C:/Users/Nibras%20Ali/.m2/repository/com/relevantcodes/extentreports/2.41.2/extentreports-2.41.2.jar!/com/relevantcodes/extentreports/view/Extent.ftl"
2023-03-28 19:27:02 DEBUG cache:45 - Couldn't find template in cache for "Extent.ftl"("en_IN", UTF-8, parsed); will try to load it.
2023-03-28 19:27:02 DEBUG cache:45 - TemplateLoader.findTemplateSource("Extent_en_IN.ftl"): Not found
2023-03-28 19:27:02 DEBUG cache:45 - TemplateLoader.findTemplateSource("Extent_en.ftl"): Not found
2023-03-28 19:27:02 DEBUG cache:45 - TemplateLoader.findTemplateSource("Extent.ftl"): Found
2023-03-28 19:27:02 DEBUG cache:45 - Loading template for "Extent.ftl"("en_IN", UTF-8, parsed) from "jar:file:/C:/Users/Nibras%20Ali/.m2/repository/com/relevantcodes/extentreports/2.41.2/extentreports-2.41.2.jar!/com/relevantcodes/extentreports/view/Extent.ftl"
2023-03-28 19:28:10 DEBUG cache:45 - Couldn't find template in cache for "Extent.ftl"("en_IN", UTF-8, parsed); will try to load it.
2023-03-28 19:28:10 DEBUG cache:45 - TemplateLoader.findTemplateSource("Extent_en_IN.ftl"): Not found
2023-03-28 19:28:10 DEBUG cache:45 - TemplateLoader.findTemplateSource("Extent_en.ftl"): Not found
2023-03-28 19:28:10 DEBUG cache:45 - TemplateLoader.findTemplateSource("Extent.ftl"): Found
2023-03-28 19:28:10 DEBUG cache:45 - Loading template for "Extent.ftl"("en_IN", UTF-8, parsed) from "jar:file:/C:/Users/Nibras%20Ali/.m2/repository/com/relevantcodes/extentreports/2.41.2/extentreports-2.41.2.jar!/com/relevantcodes/extentreports/view/Extent.ftl"
2023-03-28 19:28:15 DEBUG cache:45 - Couldn't find template in cache for "Extent.ftl"("en_IN", UTF-8, parsed); will try to load it.
2023-03-28 19:28:15 DEBUG cache:45 - TemplateLoader.findTemplateSource("Extent_en_IN.ftl"): Not found
2023-03-28 19:28:15 DEBUG cache:45 - TemplateLoader.findTemplateSource("Extent_en.ftl"): Not found
2023-03-28 19:28:15 DEBUG cache:45 - TemplateLoader.findTemplateSource("Extent.ftl"): Found
2023-03-28 19:28:15 DEBUG cache:45 - Loading template for "Extent.ftl"("en_IN", UTF-8, parsed) from "jar:file:/C:/Users/Nibras%20Ali/.m2/repository/com/relevantcodes/extentreports/2.41.2/extentreports-2.41.2.jar!/com/relevantcodes/extentreports/view/Extent.ftl"
2023-03-28 19:28:54 DEBUG cache:45 - Couldn't find template in cache for "Extent.ftl"("en_IN", UTF-8, parsed); will try to load it.
2023-03-28 19:28:54 DEBUG cache:45 - TemplateLoader.findTemplateSource("Extent_en_IN.ftl"): Not found
2023-03-28 19:28:54 DEBUG cache:45 - TemplateLoader.findTemplateSource("Extent_en.ftl"): Not found
2023-03-28 19:28:54 DEBUG cache:45 - TemplateLoader.findTemplateSource("Extent.ftl"): Found
2023-03-28 19:28:54 DEBUG cache:45 - Loading template for "Extent.ftl"("en_IN", UTF-8, parsed) from "jar:file:/C:/Users/Nibras%20Ali/.m2/repository/com/relevantcodes/extentreports/2.41.2/extentreports-2.41.2.jar!/com/relevantcodes/extentreports/view/Extent.ftl"
2023-03-28 19:28:55 DEBUG cache:45 - Couldn't find template in cache for "Extent.ftl"("en_IN", UTF-8, parsed); will try to load it.
2023-03-28 19:28:55 DEBUG cache:45 - TemplateLoader.findTemplateSource("Extent_en_IN.ftl"): Not found
2023-03-28 19:28:55 DEBUG cache:45 - TemplateLoader.findTemplateSource("Extent_en.ftl"): Not found
2023-03-28 19:28:55 DEBUG cache:45 - TemplateLoader.findTemplateSource("Extent.ftl"): Found
2023-03-28 19:28:55 DEBUG cache:45 - Loading template for "Extent.ftl"("en_IN", UTF-8, parsed) from "jar:file:/C:/Users/Nibras%20Ali/.m2/repository/com/relevantcodes/extentreports/2.41.2/extentreports-2.41.2.jar!/com/relevantcodes/extentreports/view/Extent.ftl"
2023-03-28 19:30:00 DEBUG cache:45 - Couldn't find template in cache for "Extent.ftl"("en_IN", UTF-8, parsed); will try to load it.
2023-03-28 19:30:00 DEBUG cache:45 - TemplateLoader.findTemplateSource("Extent_en_IN.ftl"): Not found
2023-03-28 19:30:00 DEBUG cache:45 - TemplateLoader.findTemplateSource("Extent_en.ftl"): Not found
2023-03-28 19:30:00 DEBUG cache:45 - TemplateLoader.findTemplateSource("Extent.ftl"): Found
2023-03-28 19:30:00 DEBUG cache:45 - Loading template for "Extent.ftl"("en_IN", UTF-8, parsed) from "jar:file:/C:/Users/Nibras%20Ali/.m2/repository/com/relevantcodes/extentreports/2.41.2/extentreports-2.41.2.jar!/com/relevantcodes/extentreports/view/Extent.ftl"
2023-03-28 19:30:02 DEBUG cache:45 - Couldn't find template in cache for "Extent.ftl"("en_IN", UTF-8, parsed); will try to load it.
2023-03-28 19:30:02 DEBUG cache:45 - TemplateLoader.findTemplateSource("Extent_en_IN.ftl"): Not found
2023-03-28 19:30:02 DEBUG cache:45 - TemplateLoader.findTemplateSource("Extent_en.ftl"): Not found
2023-03-28 19:30:02 DEBUG cache:45 - TemplateLoader.findTemplateSource("Extent.ftl"): Found
2023-03-28 19:30:02 DEBUG cache:45 - Loading template for "Extent.ftl"("en_IN", UTF-8, parsed) from "jar:file:/C:/Users/Nibras%20Ali/.m2/repository/com/relevantcodes/extentreports/2.41.2/extentreports-2.41.2.jar!/com/relevantcodes/extentreports/view/Extent.ftl"
2023-03-28 19:30:43 DEBUG cache:45 - Couldn't find template in cache for "Extent.ftl"("en_IN", UTF-8, parsed); will try to load it.
2023-03-28 19:30:43 DEBUG cache:45 - TemplateLoader.findTemplateSource("Extent_en_IN.ftl"): Not found
2023-03-28 19:30:43 DEBUG cache:45 - TemplateLoader.findTemplateSource("Extent_en.ftl"): Not found
2023-03-28 19:30:43 DEBUG cache:45 - TemplateLoader.findTemplateSource("Extent.ftl"): Found
2023-03-28 19:30:44 DEBUG cache:45 - Loading template for "Extent.ftl"("en_IN", UTF-8, parsed) from "jar:file:/C:/Users/Nibras%20Ali/.m2/repository/com/relevantcodes/extentreports/2.41.2/extentreports-2.41.2.jar!/com/relevantcodes/extentreports/view/Extent.ftl"
2023-03-28 19:30:44 DEBUG cache:45 - Couldn't find template in cache for "Extent.ftl"("en_IN", UTF-8, parsed); will try to load it.
2023-03-28 19:30:44 DEBUG cache:45 - TemplateLoader.findTemplateSource("Extent_en_IN.ftl"): Not found
2023-03-28 19:30:44 DEBUG cache:45 - TemplateLoader.findTemplateSource("Extent_en.ftl"): Not found
2023-03-28 19:30:44 DEBUG cache:45 - TemplateLoader.findTemplateSource("Extent.ftl"): Found
2023-03-28 19:30:44 DEBUG cache:45 - Loading template for "Extent.ftl"("en_IN", UTF-8, parsed) from "jar:file:/C:/Users/Nibras%20Ali/.m2/repository/com/relevantcodes/extentreports/2.41.2/extentreports-2.41.2.jar!/com/relevantcodes/extentreports/view/Extent.ftl"
2023-03-28 19:31:26 DEBUG cache:45 - Couldn't find template in cache for "Extent.ftl"("en_IN", UTF-8, parsed); will try to load it.
2023-03-28 19:31:26 DEBUG cache:45 - TemplateLoader.findTemplateSource("Extent_en_IN.ftl"): Not found
2023-03-28 19:31:26 DEBUG cache:45 - TemplateLoader.findTemplateSource("Extent_en.ftl"): Not found
2023-03-28 19:31:26 DEBUG cache:45 - TemplateLoader.findTemplateSource("Extent.ftl"): Found
2023-03-28 19:31:26 DEBUG cache:45 - Loading template for "Extent.ftl"("en_IN", UTF-8, parsed) from "jar:file:/C:/Users/Nibras%20Ali/.m2/repository/com/relevantcodes/extentreports/2.41.2/extentreports-2.41.2.jar!/com/relevantcodes/extentreports/view/Extent.ftl"
2023-03-28 19:31:29 DEBUG cache:45 - Couldn't find template in cache for "Extent.ftl"("en_IN", UTF-8, parsed); will try to load it.
2023-03-28 19:31:29 DEBUG cache:45 - TemplateLoader.findTemplateSource("Extent_en_IN.ftl"): Not found
2023-03-28 19:31:29 DEBUG cache:45 - TemplateLoader.findTemplateSource("Extent_en.ftl"): Not found
2023-03-28 19:31:29 DEBUG cache:45 - TemplateLoader.findTemplateSource("Extent.ftl"): Found
2023-03-28 19:31:29 DEBUG cache:45 - Loading template for "Extent.ftl"("en_IN", UTF-8, parsed) from "jar:file:/C:/Users/Nibras%20Ali/.m2/repository/com/relevantcodes/extentreports/2.41.2/extentreports-2.41.2.jar!/com/relevantcodes/extentreports/view/Extent.ftl"
2023-03-28 19:33:29 DEBUG cache:45 - Couldn't find template in cache for "Extent.ftl"("en_IN", UTF-8, parsed); will try to load it.
2023-03-28 19:33:29 DEBUG cache:45 - TemplateLoader.findTemplateSource("Extent_en_IN.ftl"): Not found
2023-03-28 19:33:29 DEBUG cache:45 - TemplateLoader.findTemplateSource("Extent_en.ftl"): Not found
2023-03-28 19:33:29 DEBUG cache:45 - TemplateLoader.findTemplateSource("Extent.ftl"): Found
2023-03-28 19:33:29 DEBUG cache:45 - Loading template for "Extent.ftl"("en_IN", UTF-8, parsed) from "jar:file:/C:/Users/Nibras%20Ali/.m2/repository/com/relevantcodes/extentreports/2.41.2/extentreports-2.41.2.jar!/com/relevantcodes/extentreports/view/Extent.ftl"
2023-03-28 19:33:41 DEBUG cache:45 - Couldn't find template in cache for "Extent.ftl"("en_IN", UTF-8, parsed); will try to load it.
2023-03-28 19:33:41 DEBUG cache:45 - TemplateLoader.findTemplateSource("Extent_en_IN.ftl"): Not found
2023-03-28 19:33:41 DEBUG cache:45 - TemplateLoader.findTemplateSource("Extent_en.ftl"): Not found
2023-03-28 19:33:41 DEBUG cache:45 - TemplateLoader.findTemplateSource("Extent.ftl"): Found
2023-03-28 19:33:41 DEBUG cache:45 - Loading template for "Extent.ftl"("en_IN", UTF-8, parsed) from "jar:file:/C:/Users/Nibras%20Ali/.m2/repository/com/relevantcodes/extentreports/2.41.2/extentreports-2.41.2.jar!/com/relevantcodes/extentreports/view/Extent.ftl"
2023-03-28 19:33:42 DEBUG cache:45 - Couldn't find template in cache for "Extent.ftl"("en_IN", UTF-8, parsed); will try to load it.
2023-03-28 19:33:42 DEBUG cache:45 - TemplateLoader.findTemplateSource("Extent_en_IN.ftl"): Not found
2023-03-28 19:33:42 DEBUG cache:45 - TemplateLoader.findTemplateSource("Extent_en.ftl"): Not found
2023-03-28 19:33:42 DEBUG cache:45 - TemplateLoader.findTemplateSource("Extent.ftl"): Found
2023-03-28 19:33:42 DEBUG cache:45 - Loading template for "Extent.ftl"("en_IN", UTF-8, parsed) from "jar:file:/C:/Users/Nibras%20Ali/.m2/repository/com/relevantcodes/extentreports/2.41.2/extentreports-2.41.2.jar!/com/relevantcodes/extentreports/view/Extent.ftl"
2023-03-28 19:35:29 DEBUG cache:45 - Couldn't find template in cache for "Extent.ftl"("en_IN", UTF-8, parsed); will try to load it.
2023-03-28 19:35:29 DEBUG cache:45 - TemplateLoader.findTemplateSource("Extent_en_IN.ftl"): Not found
2023-03-28 19:35:29 DEBUG cache:45 - TemplateLoader.findTemplateSource("Extent_en.ftl"): Not found
2023-03-28 19:35:29 DEBUG cache:45 - TemplateLoader.findTemplateSource("Extent.ftl"): Found
2023-03-28 19:35:29 DEBUG cache:45 - Loading template for "Extent.ftl"("en_IN", UTF-8, parsed) from "jar:file:/C:/Users/Nibras%20Ali/.m2/repository/com/relevantcodes/extentreports/2.41.2/extentreports-2.41.2.jar!/com/relevantcodes/extentreports/view/Extent.ftl"
2023-03-28 19:35:41 DEBUG cache:45 - Couldn't find template in cache for "Extent.ftl"("en_IN", UTF-8, parsed); will try to load it.
2023-03-28 19:35:41 DEBUG cache:45 - TemplateLoader.findTemplateSource("Extent_en_IN.ftl"): Not found
2023-03-28 19:35:41 DEBUG cache:45 - TemplateLoader.findTemplateSource("Extent_en.ftl"): Not found
2023-03-28 19:35:41 DEBUG cache:45 - TemplateLoader.findTemplateSource("Extent.ftl"): Found
2023-03-28 19:35:41 DEBUG cache:45 - Loading template for "Extent.ftl"("en_IN", UTF-8, parsed) from "jar:file:/C:/Users/Nibras%20Ali/.m2/repository/com/relevantcodes/extentreports/2.41.2/extentreports-2.41.2.jar!/com/relevantcodes/extentreports/view/Extent.ftl"
2023-03-28 19:35:43 DEBUG cache:45 - Couldn't find template in cache for "Extent.ftl"("en_IN", UTF-8, parsed); will try to load it.
2023-03-28 19:35:43 DEBUG cache:45 - TemplateLoader.findTemplateSource("Extent_en_IN.ftl"): Not found
2023-03-28 19:35:43 DEBUG cache:45 - TemplateLoader.findTemplateSource("Extent_en.ftl"): Not found
2023-03-28 19:35:43 DEBUG cache:45 - TemplateLoader.findTemplateSource("Extent.ftl"): Found
2023-03-28 19:35:43 DEBUG cache:45 - Loading template for "Extent.ftl"("en_IN", UTF-8, parsed) from "jar:file:/C:/Users/Nibras%20Ali/.m2/repository/com/relevantcodes/extentreports/2.41.2/extentreports-2.41.2.jar!/com/relevantcodes/extentreports/view/Extent.ftl"
2023-03-28 19:36:47 DEBUG cache:45 - Couldn't find template in cache for "Extent.ftl"("en_IN", UTF-8, parsed); will try to load it.
2023-03-28 19:36:47 DEBUG cache:45 - TemplateLoader.findTemplateSource("Extent_en_IN.ftl"): Not found
2023-03-28 19:36:47 DEBUG cache:45 - TemplateLoader.findTemplateSource("Extent_en.ftl"): Not found
2023-03-28 19:36:47 DEBUG cache:45 - TemplateLoader.findTemplateSource("Extent.ftl"): Found
2023-03-28 19:36:47 DEBUG cache:45 - Loading template for "Extent.ftl"("en_IN", UTF-8, parsed) from "jar:file:/C:/Users/Nibras%20Ali/.m2/repository/com/relevantcodes/extentreports/2.41.2/extentreports-2.41.2.jar!/com/relevantcodes/extentreports/view/Extent.ftl"
2023-03-28 19:36:59 DEBUG cache:45 - Couldn't find template in cache for "Extent.ftl"("en_IN", UTF-8, parsed); will try to load it.
2023-03-28 19:36:59 DEBUG cache:45 - TemplateLoader.findTemplateSource("Extent_en_IN.ftl"): Not found
2023-03-28 19:36:59 DEBUG cache:45 - TemplateLoader.findTemplateSource("Extent_en.ftl"): Not found
2023-03-28 19:36:59 DEBUG cache:45 - TemplateLoader.findTemplateSource("Extent.ftl"): Found
2023-03-28 19:36:59 DEBUG cache:45 - Loading template for "Extent.ftl"("en_IN", UTF-8, parsed) from "jar:file:/C:/Users/Nibras%20Ali/.m2/repository/com/relevantcodes/extentreports/2.41.2/extentreports-2.41.2.jar!/com/relevantcodes/extentreports/view/Extent.ftl"
2023-03-28 19:37:01 DEBUG cache:45 - Couldn't find template in cache for "Extent.ftl"("en_IN", UTF-8, parsed); will try to load it.
2023-03-28 19:37:01 DEBUG cache:45 - TemplateLoader.findTemplateSource("Extent_en_IN.ftl"): Not found
2023-03-28 19:37:01 DEBUG cache:45 - TemplateLoader.findTemplateSource("Extent_en.ftl"): Not found
2023-03-28 19:37:01 DEBUG cache:45 - TemplateLoader.findTemplateSource("Extent.ftl"): Found
2023-03-28 19:37:01 DEBUG cache:45 - Loading template for "Extent.ftl"("en_IN", UTF-8, parsed) from "jar:file:/C:/Users/Nibras%20Ali/.m2/repository/com/relevantcodes/extentreports/2.41.2/extentreports-2.41.2.jar!/com/relevantcodes/extentreports/view/Extent.ftl"
2023-03-28 19:38:42 DEBUG cache:45 - Couldn't find template in cache for "Extent.ftl"("en_IN", UTF-8, parsed); will try to load it.
2023-03-28 19:38:42 DEBUG cache:45 - TemplateLoader.findTemplateSource("Extent_en_IN.ftl"): Not found
2023-03-28 19:38:42 DEBUG cache:45 - TemplateLoader.findTemplateSource("Extent_en.ftl"): Not found
2023-03-28 19:38:42 DEBUG cache:45 - TemplateLoader.findTemplateSource("Extent.ftl"): Found
2023-03-28 19:38:42 DEBUG cache:45 - Loading template for "Extent.ftl"("en_IN", UTF-8, parsed) from "jar:file:/C:/Users/Nibras%20Ali/.m2/repository/com/relevantcodes/extentreports/2.41.2/extentreports-2.41.2.jar!/com/relevantcodes/extentreports/view/Extent.ftl"
2023-03-28 19:38:54 DEBUG cache:45 - Couldn't find template in cache for "Extent.ftl"("en_IN", UTF-8, parsed); will try to load it.
2023-03-28 19:38:54 DEBUG cache:45 - TemplateLoader.findTemplateSource("Extent_en_IN.ftl"): Not found
2023-03-28 19:38:54 DEBUG cache:45 - TemplateLoader.findTemplateSource("Extent_en.ftl"): Not found
2023-03-28 19:38:54 DEBUG cache:45 - TemplateLoader.findTemplateSource("Extent.ftl"): Found
2023-03-28 19:38:54 DEBUG cache:45 - Loading template for "Extent.ftl"("en_IN", UTF-8, parsed) from "jar:file:/C:/Users/Nibras%20Ali/.m2/repository/com/relevantcodes/extentreports/2.41.2/extentreports-2.41.2.jar!/com/relevantcodes/extentreports/view/Extent.ftl"
2023-03-28 19:38:56 DEBUG cache:45 - Couldn't find template in cache for "Extent.ftl"("en_IN", UTF-8, parsed); will try to load it.
2023-03-28 19:38:56 DEBUG cache:45 - TemplateLoader.findTemplateSource("Extent_en_IN.ftl"): Not found
2023-03-28 19:38:56 DEBUG cache:45 - TemplateLoader.findTemplateSource("Extent_en.ftl"): Not found
2023-03-28 19:38:56 DEBUG cache:45 - TemplateLoader.findTemplateSource("Extent.ftl"): Found
2023-03-28 19:38:56 DEBUG cache:45 - Loading template for "Extent.ftl"("en_IN", UTF-8, parsed) from "jar:file:/C:/Users/Nibras%20Ali/.m2/repository/com/relevantcodes/extentreports/2.41.2/extentreports-2.41.2.jar!/com/relevantcodes/extentreports/view/Extent.ftl"
2023-03-28 20:20:16 DEBUG cache:45 - Couldn't find template in cache for "Extent.ftl"("en_IN", UTF-8, parsed); will try to load it.
2023-03-28 20:20:16 DEBUG cache:45 - TemplateLoader.findTemplateSource("Extent_en_IN.ftl"): Not found
2023-03-28 20:20:16 DEBUG cache:45 - TemplateLoader.findTemplateSource("Extent_en.ftl"): Not found
2023-03-28 20:20:16 DEBUG cache:45 - TemplateLoader.findTemplateSource("Extent.ftl"): Found
2023-03-28 20:20:16 DEBUG cache:45 - Loading template for "Extent.ftl"("en_IN", UTF-8, parsed) from "jar:file:/C:/Users/Nibras%20Ali/.m2/repository/com/relevantcodes/extentreports/2.41.2/extentreports-2.41.2.jar!/com/relevantcodes/extentreports/view/Extent.ftl"
2023-03-28 20:20:28 DEBUG cache:45 - Couldn't find template in cache for "Extent.ftl"("en_IN", UTF-8, parsed); will try to load it.
2023-03-28 20:20:28 DEBUG cache:45 - TemplateLoader.findTemplateSource("Extent_en_IN.ftl"): Not found
2023-03-28 20:20:28 DEBUG cache:45 - TemplateLoader.findTemplateSource("Extent_en.ftl"): Not found
2023-03-28 20:20:28 DEBUG cache:45 - TemplateLoader.findTemplateSource("Extent.ftl"): Found
2023-03-28 20:20:28 DEBUG cache:45 - Loading template for "Extent.ftl"("en_IN", UTF-8, parsed) from "jar:file:/C:/Users/Nibras%20Ali/.m2/repository/com/relevantcodes/extentreports/2.41.2/extentreports-2.41.2.jar!/com/relevantcodes/extentreports/view/Extent.ftl"
2023-03-28 20:20:30 DEBUG cache:45 - Couldn't find template in cache for "Extent.ftl"("en_IN", UTF-8, parsed); will try to load it.
2023-03-28 20:20:30 DEBUG cache:45 - TemplateLoader.findTemplateSource("Extent_en_IN.ftl"): Not found
2023-03-28 20:20:30 DEBUG cache:45 - TemplateLoader.findTemplateSource("Extent_en.ftl"): Not found
2023-03-28 20:20:30 DEBUG cache:45 - TemplateLoader.findTemplateSource("Extent.ftl"): Found
2023-03-28 20:20:30 DEBUG cache:45 - Loading template for "Extent.ftl"("en_IN", UTF-8, parsed) from "jar:file:/C:/Users/Nibras%20Ali/.m2/repository/com/relevantcodes/extentreports/2.41.2/extentreports-2.41.2.jar!/com/relevantcodes/extentreports/view/Extent.ftl"
2023-03-28 20:21:36 DEBUG cache:45 - Couldn't find template in cache for "Extent.ftl"("en_IN", UTF-8, parsed); will try to load it.
2023-03-28 20:21:36 DEBUG cache:45 - TemplateLoader.findTemplateSource("Extent_en_IN.ftl"): Not found
2023-03-28 20:21:36 DEBUG cache:45 - TemplateLoader.findTemplateSource("Extent_en.ftl"): Not found
2023-03-28 20:21:36 DEBUG cache:45 - TemplateLoader.findTemplateSource("Extent.ftl"): Found
2023-03-28 20:21:36 DEBUG cache:45 - Loading template for "Extent.ftl"("en_IN", UTF-8, parsed) from "jar:file:/C:/Users/Nibras%20Ali/.m2/repository/com/relevantcodes/extentreports/2.41.2/extentreports-2.41.2.jar!/com/relevantcodes/extentreports/view/Extent.ftl"
2023-03-28 20:21:49 DEBUG cache:45 - Couldn't find template in cache for "Extent.ftl"("en_IN", UTF-8, parsed); will try to load it.
2023-03-28 20:21:49 DEBUG cache:45 - TemplateLoader.findTemplateSource("Extent_en_IN.ftl"): Not found
2023-03-28 20:21:49 DEBUG cache:45 - TemplateLoader.findTemplateSource("Extent_en.ftl"): Not found
2023-03-28 20:21:49 DEBUG cache:45 - TemplateLoader.findTemplateSource("Extent.ftl"): Found
2023-03-28 20:21:49 DEBUG cache:45 - Loading template for "Extent.ftl"("en_IN", UTF-8, parsed) from "jar:file:/C:/Users/Nibras%20Ali/.m2/repository/com/relevantcodes/extentreports/2.41.2/extentreports-2.41.2.jar!/com/relevantcodes/extentreports/view/Extent.ftl"
2023-03-28 20:21:51 DEBUG cache:45 - Couldn't find template in cache for "Extent.ftl"("en_IN", UTF-8, parsed); will try to load it.
2023-03-28 20:21:51 DEBUG cache:45 - TemplateLoader.findTemplateSource("Extent_en_IN.ftl"): Not found
2023-03-28 20:21:51 DEBUG cache:45 - TemplateLoader.findTemplateSource("Extent_en.ftl"): Not found
2023-03-28 20:21:51 DEBUG cache:45 - TemplateLoader.findTemplateSource("Extent.ftl"): Found
2023-03-28 20:21:51 DEBUG cache:45 - Loading template for "Extent.ftl"("en_IN", UTF-8, parsed) from "jar:file:/C:/Users/Nibras%20Ali/.m2/repository/com/relevantcodes/extentreports/2.41.2/extentreports-2.41.2.jar!/com/relevantcodes/extentreports/view/Extent.ftl"
2023-03-28 20:41:57 DEBUG cache:45 - Couldn't find template in cache for "Extent.ftl"("en_IN", UTF-8, parsed); will try to load it.
2023-03-28 20:41:57 DEBUG cache:45 - TemplateLoader.findTemplateSource("Extent_en_IN.ftl"): Not found
2023-03-28 20:41:57 DEBUG cache:45 - TemplateLoader.findTemplateSource("Extent_en.ftl"): Not found
2023-03-28 20:41:57 DEBUG cache:45 - TemplateLoader.findTemplateSource("Extent.ftl"): Found
2023-03-28 20:41:57 DEBUG cache:45 - Loading template for "Extent.ftl"("en_IN", UTF-8, parsed) from "jar:file:/C:/Users/Nibras%20Ali/.m2/repository/com/relevantcodes/extentreports/2.41.2/extentreports-2.41.2.jar!/com/relevantcodes/extentreports/view/Extent.ftl"
2023-03-28 20:42:09 DEBUG cache:45 - Couldn't find template in cache for "Extent.ftl"("en_IN", UTF-8, parsed); will try to load it.
2023-03-28 20:42:09 DEBUG cache:45 - TemplateLoader.findTemplateSource("Extent_en_IN.ftl"): Not found
2023-03-28 20:42:09 DEBUG cache:45 - TemplateLoader.findTemplateSource("Extent_en.ftl"): Not found
2023-03-28 20:42:09 DEBUG cache:45 - TemplateLoader.findTemplateSource("Extent.ftl"): Found
2023-03-28 20:42:09 DEBUG cache:45 - Loading template for "Extent.ftl"("en_IN", UTF-8, parsed) from "jar:file:/C:/Users/Nibras%20Ali/.m2/repository/com/relevantcodes/extentreports/2.41.2/extentreports-2.41.2.jar!/com/relevantcodes/extentreports/view/Extent.ftl"
2023-03-28 20:42:12 DEBUG cache:45 - Couldn't find template in cache for "Extent.ftl"("en_IN", UTF-8, parsed); will try to load it.
2023-03-28 20:42:12 DEBUG cache:45 - TemplateLoader.findTemplateSource("Extent_en_IN.ftl"): Not found
2023-03-28 20:42:12 DEBUG cache:45 - TemplateLoader.findTemplateSource("Extent_en.ftl"): Not found
2023-03-28 20:42:12 DEBUG cache:45 - TemplateLoader.findTemplateSource("Extent.ftl"): Found
2023-03-28 20:42:12 DEBUG cache:45 - Loading template for "Extent.ftl"("en_IN", UTF-8, parsed) from "jar:file:/C:/Users/Nibras%20Ali/.m2/repository/com/relevantcodes/extentreports/2.41.2/extentreports-2.41.2.jar!/com/relevantcodes/extentreports/view/Extent.ftl"
2023-03-28 20:43:02 DEBUG cache:45 - Couldn't find template in cache for "Extent.ftl"("en_IN", UTF-8, parsed); will try to load it.
2023-03-28 20:43:02 DEBUG cache:45 - TemplateLoader.findTemplateSource("Extent_en_IN.ftl"): Not found
2023-03-28 20:43:02 DEBUG cache:45 - TemplateLoader.findTemplateSource("Extent_en.ftl"): Not found
2023-03-28 20:43:02 DEBUG cache:45 - TemplateLoader.findTemplateSource("Extent.ftl"): Found
2023-03-28 20:43:02 DEBUG cache:45 - Loading template for "Extent.ftl"("en_IN", UTF-8, parsed) from "jar:file:/C:/Users/Nibras%20Ali/.m2/repository/com/relevantcodes/extentreports/2.41.2/extentreports-2.41.2.jar!/com/relevantcodes/extentreports/view/Extent.ftl"
2023-03-28 20:43:15 DEBUG cache:45 - Couldn't find template in cache for "Extent.ftl"("en_IN", UTF-8, parsed); will try to load it.
2023-03-28 20:43:15 DEBUG cache:45 - TemplateLoader.findTemplateSource("Extent_en_IN.ftl"): Not found
2023-03-28 20:43:15 DEBUG cache:45 - TemplateLoader.findTemplateSource("Extent_en.ftl"): Not found
2023-03-28 20:43:15 DEBUG cache:45 - TemplateLoader.findTemplateSource("Extent.ftl"): Found
2023-03-28 20:43:15 DEBUG cache:45 - Loading template for "Extent.ftl"("en_IN", UTF-8, parsed) from "jar:file:/C:/Users/Nibras%20Ali/.m2/repository/com/relevantcodes/extentreports/2.41.2/extentreports-2.41.2.jar!/com/relevantcodes/extentreports/view/Extent.ftl"
2023-03-28 20:43:18 DEBUG cache:45 - Couldn't find template in cache for "Extent.ftl"("en_IN", UTF-8, parsed); will try to load it.
2023-03-28 20:43:18 DEBUG cache:45 - TemplateLoader.findTemplateSource("Extent_en_IN.ftl"): Not found
2023-03-28 20:43:18 DEBUG cache:45 - TemplateLoader.findTemplateSource("Extent_en.ftl"): Not found
2023-03-28 20:43:18 DEBUG cache:45 - TemplateLoader.findTemplateSource("Extent.ftl"): Found
2023-03-28 20:43:18 DEBUG cache:45 - Loading template for "Extent.ftl"("en_IN", UTF-8, parsed) from "jar:file:/C:/Users/Nibras%20Ali/.m2/repository/com/relevantcodes/extentreports/2.41.2/extentreports-2.41.2.jar!/com/relevantcodes/extentreports/view/Extent.ftl"
2023-03-28 20:46:10 DEBUG cache:45 - Couldn't find template in cache for "Extent.ftl"("en_IN", UTF-8, parsed); will try to load it.
2023-03-28 20:46:10 DEBUG cache:45 - TemplateLoader.findTemplateSource("Extent_en_IN.ftl"): Not found
2023-03-28 20:46:10 DEBUG cache:45 - TemplateLoader.findTemplateSource("Extent_en.ftl"): Not found
2023-03-28 20:46:10 DEBUG cache:45 - TemplateLoader.findTemplateSource("Extent.ftl"): Found
2023-03-28 20:46:10 DEBUG cache:45 - Loading template for "Extent.ftl"("en_IN", UTF-8, parsed) from "jar:file:/C:/Users/Nibras%20Ali/.m2/repository/com/relevantcodes/extentreports/2.41.2/extentreports-2.41.2.jar!/com/relevantcodes/extentreports/view/Extent.ftl"
2023-03-28 20:46:21 DEBUG cache:45 - Couldn't find template in cache for "Extent.ftl"("en_IN", UTF-8, parsed); will try to load it.
2023-03-28 20:46:21 DEBUG cache:45 - TemplateLoader.findTemplateSource("Extent_en_IN.ftl"): Not found
2023-03-28 20:46:21 DEBUG cache:45 - TemplateLoader.findTemplateSource("Extent_en.ftl"): Not found
2023-03-28 20:46:21 DEBUG cache:45 - TemplateLoader.findTemplateSource("Extent.ftl"): Found
2023-03-28 20:46:21 DEBUG cache:45 - Loading template for "Extent.ftl"("en_IN", UTF-8, parsed) from "jar:file:/C:/Users/Nibras%20Ali/.m2/repository/com/relevantcodes/extentreports/2.41.2/extentreports-2.41.2.jar!/com/relevantcodes/extentreports/view/Extent.ftl"
2023-03-28 20:46:23 DEBUG cache:45 - Couldn't find template in cache for "Extent.ftl"("en_IN", UTF-8, parsed); will try to load it.
2023-03-28 20:46:23 DEBUG cache:45 - TemplateLoader.findTemplateSource("Extent_en_IN.ftl"): Not found
2023-03-28 20:46:23 DEBUG cache:45 - TemplateLoader.findTemplateSource("Extent_en.ftl"): Not found
2023-03-28 20:46:23 DEBUG cache:45 - TemplateLoader.findTemplateSource("Extent.ftl"): Found
2023-03-28 20:46:23 DEBUG cache:45 - Loading template for "Extent.ftl"("en_IN", UTF-8, parsed) from "jar:file:/C:/Users/Nibras%20Ali/.m2/repository/com/relevantcodes/extentreports/2.41.2/extentreports-2.41.2.jar!/com/relevantcodes/extentreports/view/Extent.ftl"
2023-03-28 20:47:27 DEBUG cache:45 - Couldn't find template in cache for "Extent.ftl"("en_IN", UTF-8, parsed); will try to load it.
2023-03-28 20:47:27 DEBUG cache:45 - TemplateLoader.findTemplateSource("Extent_en_IN.ftl"): Not found
2023-03-28 20:47:27 DEBUG cache:45 - TemplateLoader.findTemplateSource("Extent_en.ftl"): Not found
2023-03-28 20:47:27 DEBUG cache:45 - TemplateLoader.findTemplateSource("Extent.ftl"): Found
2023-03-28 20:47:27 DEBUG cache:45 - Loading template for "Extent.ftl"("en_IN", UTF-8, parsed) from "jar:file:/C:/Users/Nibras%20Ali/.m2/repository/com/relevantcodes/extentreports/2.41.2/extentreports-2.41.2.jar!/com/relevantcodes/extentreports/view/Extent.ftl"
2023-03-28 20:47:39 DEBUG cache:45 - Couldn't find template in cache for "Extent.ftl"("en_IN", UTF-8, parsed); will try to load it.
2023-03-28 20:47:39 DEBUG cache:45 - TemplateLoader.findTemplateSource("Extent_en_IN.ftl"): Not found
2023-03-28 20:47:39 DEBUG cache:45 - TemplateLoader.findTemplateSource("Extent_en.ftl"): Not found
2023-03-28 20:47:39 DEBUG cache:45 - TemplateLoader.findTemplateSource("Extent.ftl"): Found
2023-03-28 20:47:39 DEBUG cache:45 - Loading template for "Extent.ftl"("en_IN", UTF-8, parsed) from "jar:file:/C:/Users/Nibras%20Ali/.m2/repository/com/relevantcodes/extentreports/2.41.2/extentreports-2.41.2.jar!/com/relevantcodes/extentreports/view/Extent.ftl"
2023-03-28 20:47:41 DEBUG cache:45 - Couldn't find template in cache for "Extent.ftl"("en_IN", UTF-8, parsed); will try to load it.
2023-03-28 20:47:41 DEBUG cache:45 - TemplateLoader.findTemplateSource("Extent_en_IN.ftl"): Not found
2023-03-28 20:47:41 DEBUG cache:45 - TemplateLoader.findTemplateSource("Extent_en.ftl"): Not found
2023-03-28 20:47:41 DEBUG cache:45 - TemplateLoader.findTemplateSource("Extent.ftl"): Found
2023-03-28 20:47:41 DEBUG cache:45 - Loading template for "Extent.ftl"("en_IN", UTF-8, parsed) from "jar:file:/C:/Users/Nibras%20Ali/.m2/repository/com/relevantcodes/extentreports/2.41.2/extentreports-2.41.2.jar!/com/relevantcodes/extentreports/view/Extent.ftl"
2023-03-28 20:48:25 DEBUG cache:45 - Couldn't find template in cache for "Extent.ftl"("en_IN", UTF-8, parsed); will try to load it.
2023-03-28 20:48:25 DEBUG cache:45 - TemplateLoader.findTemplateSource("Extent_en_IN.ftl"): Not found
2023-03-28 20:48:25 DEBUG cache:45 - TemplateLoader.findTemplateSource("Extent_en.ftl"): Not found
2023-03-28 20:48:25 DEBUG cache:45 - TemplateLoader.findTemplateSource("Extent.ftl"): Found
2023-03-28 20:48:25 DEBUG cache:45 - Loading template for "Extent.ftl"("en_IN", UTF-8, parsed) from "jar:file:/C:/Users/Nibras%20Ali/.m2/repository/com/relevantcodes/extentreports/2.41.2/extentreports-2.41.2.jar!/com/relevantcodes/extentreports/view/Extent.ftl"
2023-03-28 20:48:40 DEBUG cache:45 - Couldn't find template in cache for "Extent.ftl"("en_IN", UTF-8, parsed); will try to load it.
2023-03-28 20:48:40 DEBUG cache:45 - TemplateLoader.findTemplateSource("Extent_en_IN.ftl"): Not found
2023-03-28 20:48:40 DEBUG cache:45 - TemplateLoader.findTemplateSource("Extent_en.ftl"): Not found
2023-03-28 20:48:40 DEBUG cache:45 - TemplateLoader.findTemplateSource("Extent.ftl"): Found
2023-03-28 20:48:40 DEBUG cache:45 - Loading template for "Extent.ftl"("en_IN", UTF-8, parsed) from "jar:file:/C:/Users/Nibras%20Ali/.m2/repository/com/relevantcodes/extentreports/2.41.2/extentreports-2.41.2.jar!/com/relevantcodes/extentreports/view/Extent.ftl"
2023-03-28 20:48:42 DEBUG cache:45 - Couldn't find template in cache for "Extent.ftl"("en_IN", UTF-8, parsed); will try to load it.
2023-03-28 20:48:42 DEBUG cache:45 - TemplateLoader.findTemplateSource("Extent_en_IN.ftl"): Not found
2023-03-28 20:48:42 DEBUG cache:45 - TemplateLoader.findTemplateSource("Extent_en.ftl"): Not found
2023-03-28 20:48:42 DEBUG cache:45 - TemplateLoader.findTemplateSource("Extent.ftl"): Found
2023-03-28 20:48:42 DEBUG cache:45 - Loading template for "Extent.ftl"("en_IN", UTF-8, parsed) from "jar:file:/C:/Users/Nibras%20Ali/.m2/repository/com/relevantcodes/extentreports/2.41.2/extentreports-2.41.2.jar!/com/relevantcodes/extentreports/view/Extent.ftl"
